Removed Pin From Net: NetName=GND Pin=JP1-1
Removed Pin From Net: NetName=+3.3V Pin=JP1-2
Removed Pin From Net: NetName=I2C_SDA Pin=JP1-3
Removed Pin From Net: NetName=I2C_SCL Pin=JP1-4
Removed Member From Class: ClassName=Master Member=JP1
Change Component Designator: OldDesignator=C16 NewDesignator=C17
Change Component Designator: OldDesignator=C17 NewDesignator=C18
Change Component Designator: OldDesignator=C18 NewDesignator=C19
Change Component Designator: OldDesignator=C19 NewDesignator=C20
Change Component Designator: OldDesignator=C20 NewDesignator=C21
Change Component Designator: OldDesignator=C21 NewDesignator=C22
Added Component: Designator=C16(JP4-C1T)
Add component (AddParameter): Name = "ComponentLink1 Description"; Value = "Manufacturer"; VariantName = "[No Variations]"
Add component (AddParameter): Name = "ComponentLink1URL"; Value = "http://www.we-online.com"; VariantName = "[No Variations]"
Add component (AddParameter): Name = "ComponentLink2 Description"; Value = "Datasheet"; VariantName = "[No Variations]"
Add component (AddParameter): Name = "ComponentLink2URL"; Value = "http://katalog.we-online.de/em/datasheet/6130xx143121.pdf"; VariantName = "[No Variations]"
Add component (AddParameter): Name = "Created by"; Value = "Karrer Zheng"; VariantName = "[No Variations]"
Add component (AddParameter): Name = "Created Date"; Value = "29 March 2013"; VariantName = "[No Variations]"
Add component (AddParameter): Name = "Manufacturer"; Value = "W¨¹rth Elektronik eiSos GmbH"; VariantName = "[No Variations]"
Add component (AddParameter): Name = "NoPins"; Value = "04"; VariantName = "[No Variations]"
Add component (AddParameter): Name = "partNo"; Value = "613004143121"; VariantName = "[No Variations]"
Added Pin To Net: NetName=GND Pin=C16-1
Added Pin To Net: NetName=+3.3V Pin=C16-2
Added Pin To Net: NetName=I2C_SDA Pin=C16-3
Added Pin To Net: NetName=I2C_SCL Pin=C16-4
Added Member To Class: ClassName=Master Member=Component C22 100nF
