Removed Pin From Net: NetName=GND Pin=B2-1
Removed Pin From Net: NetName=EN Pin=B2-2
Removed Pin From Net: NetName=GND Pin=B3-1
Removed Pin From Net: NetName=IO0 Pin=B3-2
Removed Pin From Net: NetName=GND Pin=C16-1
Removed Pin From Net: NetName=EN Pin=C16-2
Removed Pin From Net: NetName=+3.3V Pin=R14-1
Removed Pin From Net: NetName=IO0 Pin=R14-2
Removed Member From Class: ClassName=Master Member=B2
Removed Member From Class: ClassName=Master Member=B3
Change Component Comment : Designator=R11 Old Comment=10k New Comment=1k
Change Component Designator: OldDesignator=C15 NewDesignator=C16
Change Component Designator: OldDesignator=C18 NewDesignator=C19
Change Component Designator: OldDesignator=R15 NewDesignator=R14
Change Component Designator: OldDesignator=R17 NewDesignator=R18
Change Component Designator: OldDesignator=R18 NewDesignator=R17
Added Component: Designator=1(SW4)
Add component (AddParameter): Name = "Value"; Value = "Button chip 4 pin"; VariantName = "[No Variations]"
Added Component: Designator=2(SW4)
Add component (AddParameter): Name = "Value"; Value = "Button chip 4 pin"; VariantName = "[No Variations]"
Added Component: Designator=3(SW4)
Add component (AddParameter): Name = "Value"; Value = "Button chip 4 pin"; VariantName = "[No Variations]"
Added Component: Designator=C15(CAP_0805)
Add component (AddParameter): Name = "LatestRevisionDate"; Value = "17-Jul-2002"; VariantName = "[No Variations]"
Add component (AddParameter): Name = "LatestRevisionNote"; Value = "Re-released for DXP Platform."; VariantName = "[No Variations]"
Add component (AddParameter): Name = "PackageReference"; Value = "RAD-0.3"; VariantName = "[No Variations]"
Add component (AddParameter): Name = "Published"; Value = "8-Jun-2000"; VariantName = "[No Variations]"
Add component (AddParameter): Name = "Publisher"; Value = "Altium Limited"; VariantName = "[No Variations]"
Add component (AddParameter): Name = "Value"; Value = "33p"; VariantName = "[No Variations]"
Added Component: Designator=C18(CAP_0805)
Add component (AddParameter): Name = "LatestRevisionDate"; Value = "17-Jul-2002"; VariantName = "[No Variations]"
Add component (AddParameter): Name = "LatestRevisionNote"; Value = "Re-released for DXP Platform."; VariantName = "[No Variations]"
Add component (AddParameter): Name = "PackageReference"; Value = "RAD-0.3"; VariantName = "[No Variations]"
Add component (AddParameter): Name = "Published"; Value = "8-Jun-2000"; VariantName = "[No Variations]"
Add component (AddParameter): Name = "Publisher"; Value = "Altium Limited"; VariantName = "[No Variations]"
Add component (AddParameter): Name = "Value"; Value = "33p"; VariantName = "[No Variations]"
Added Component: Designator=C20(CAP_0805)
Add component (AddParameter): Name = "LatestRevisionDate"; Value = "17-Jul-2002"; VariantName = "[No Variations]"
Add component (AddParameter): Name = "LatestRevisionNote"; Value = "Re-released for DXP Platform."; VariantName = "[No Variations]"
Add component (AddParameter): Name = "PackageReference"; Value = "RAD-0.3"; VariantName = "[No Variations]"
Add component (AddParameter): Name = "Published"; Value = "8-Jun-2000"; VariantName = "[No Variations]"
Add component (AddParameter): Name = "Publisher"; Value = "Altium Limited"; VariantName = "[No Variations]"
Add component (AddParameter): Name = "Value"; Value = "33p"; VariantName = "[No Variations]"
Added Component: Designator=LED4(LED-0805-Red)
Add component (AddParameter): Name = "Value"; Value = "LED 3 ly Single Colour"; VariantName = "[No Variations]"
Added Component: Designator=R15(RES-SMD-0805)
Add component (AddParameter): Name = "Class"; Value = "Passive"; VariantName = "[No Variations]"
Add component (AddParameter): Name = "Manufacturer"; Value = "Generic Components"; VariantName = "[No Variations]"
Add component (AddParameter): Name = "Published"; Value = "08/06/2000"; VariantName = "[No Variations]"
Add component (AddParameter): Name = "Publisher"; Value = "Altium Hobart Technology Centre"; VariantName = "[No Variations]"
Added Component: Designator=R19(RES-SMD-0805)
Add component (AddParameter): Name = "Class"; Value = "Passive"; VariantName = "[No Variations]"
Add component (AddParameter): Name = "Manufacturer"; Value = "Generic Components"; VariantName = "[No Variations]"
Add component (AddParameter): Name = "Published"; Value = "08/06/2000"; VariantName = "[No Variations]"
Add component (AddParameter): Name = "Publisher"; Value = "Altium Hobart Technology Centre"; VariantName = "[No Variations]"
Added Component: Designator=R20(RES-SMD-0805)
Add component (AddParameter): Name = "Class"; Value = "Passive"; VariantName = "[No Variations]"
Add component (AddParameter): Name = "Manufacturer"; Value = "Generic Components"; VariantName = "[No Variations]"
Add component (AddParameter): Name = "Published"; Value = "08/06/2000"; VariantName = "[No Variations]"
Add component (AddParameter): Name = "Publisher"; Value = "Altium Hobart Technology Centre"; VariantName = "[No Variations]"
Added Pin To Net: NetName=GND Pin=1-1
Added Pin To Net: NetName=EN Pin=1-2
Added Pin To Net: NetName=GND Pin=1-3
Added Pin To Net: NetName=EN Pin=1-4
Added Pin To Net: NetName=GND Pin=2-1
Added Pin To Net: NetName=IO0 Pin=2-2
Added Pin To Net: NetName=GND Pin=2-3
Added Pin To Net: NetName=IO0 Pin=2-4
Added Pin To Net: NetName=GND Pin=3-1
Added Pin To Net: NetName=GND Pin=3-3
Added Pin To Net: NetName=GND Pin=C15-1
Added Pin To Net: NetName=EN Pin=C15-2
Added Pin To Net: NetName=GND Pin=C18-1
Added Pin To Net: NetName=IO0 Pin=C18-2
Added Pin To Net: NetName=GND Pin=C20-1
Added Pin To Net: NetName=GND Pin=LED4-2
Added Pin To Net: NetName=+3.3V Pin=R15-1
Added Pin To Net: NetName=IO0 Pin=R15-2
Added Pin To Net: NetName=+3.3V Pin=R19-1
Change Net Name : Old Net Name=NetR15_2 New Net Name=NetR14_2
Change Net Name : Old Net Name=NetR18_2 New Net Name=NetR17_2
Added Pin To Net: NetName=BT_ONOFF Pin=3-2
Added Pin To Net: NetName=BT_ONOFF Pin=3-4
Added Pin To Net: NetName=BT_ONOFF Pin=C20-2
Added Pin To Net: NetName=BT_ONOFF Pin=R19-2
Added Pin To Net: NetName=BT_ONOFF Pin=U2-10
Added Net: Name=BT_ONOFF
Added Pin To Net: NetName=NetLED4_1 Pin=LED4-1
Added Pin To Net: NetName=NetLED4_1 Pin=R20-1
Added Net: Name=NetLED4_1
Added Pin To Net: NetName=NetR20_2 Pin=R20-2
Added Pin To Net: NetName=NetR20_2 Pin=U2-9
Added Net: Name=NetR20_2
Added Member To Class: ClassName=Master Member=Component 1 SW
Added Member To Class: ClassName=Master Member=Component 2 SW
Added Member To Class: ClassName=Master Member=Component 3 SW
Added Member To Class: ClassName=Master Member=Component C19 100nF
Added Member To Class: ClassName=Master Member=Component C20 100nF
Added Member To Class: ClassName=Master Member=Component LED4 LED-ONOFF
Added Member To Class: ClassName=Master Member=Component R19 10k
Added Member To Class: ClassName=Master Member=Component R20 1k
