Removed Pin From Net: NetName=GND Pin=B2-1
Removed Pin From Net: NetName=EN Pin=B2-2
Removed Pin From Net: NetName=GND Pin=B3-1
Removed Pin From Net: NetName=IO0 Pin=B3-2
Removed Pin From Net: NetName=GND Pin=C16-1
Removed Pin From Net: NetName=EN Pin=C16-2
Removed Pin From Net: NetName=SIM_CLK Pin=R8-2
Removed Pin From Net: NetName=SIM_DATA Pin=R9-2
Removed Pin From Net: NetName=+3.3V Pin=R13-1
Removed Pin From Net: NetName=EN Pin=R13-2
Removed Pin From Net: NetName=IO0 Pin=R14-2
Removed Pin From Net: NetName=GND Pin=SIM1-1
Removed Pin From Net: NetName=SIM_VDD Pin=SIM1-2
Removed Pin From Net: NetName=NetR10_1 Pin=SIM1-4
Removed Pin From Net: NetName=NetR9_1 Pin=SIM1-5
Removed Pin From Net: NetName=NetR8_1 Pin=SIM1-6
Removed Pin From Net: NetName=ESP_PWRKEY Pin=U2-11
Removed Member From Class: ClassName=Master Member=B2
Removed Member From Class: ClassName=Master Member=B3
Removed Member From Class: ClassName=Master Member=SIM1
Change Component Comment : Designator=R11 Old Comment=10k New Comment=1k
Change Component Designator: OldDesignator=C15 NewDesignator=C16
Change Component Designator: OldDesignator=C18 NewDesignator=C19
Change Component Designator: OldDesignator=IC2 NewDesignator=IC3
Change Component Designator: OldDesignator=R11 NewDesignator=R12
Change Component Designator: OldDesignator=R12 NewDesignator=R13
Change Component Designator: OldDesignator=R16 NewDesignator=R17
Change Component Designator: OldDesignator=R17 NewDesignator=R19
Change Component Designator: OldDesignator=U2 NewDesignator=U3
Change Component Designator: OldDesignator=U3 NewDesignator=U4
Added Component: Designator=1(SW4)
Add component (AddParameter): Name = "Value"; Value = "Button chip 4 pin"; VariantName = "[No Variations]"
Added Component: Designator=2(SW4)
Add component (AddParameter): Name = "Value"; Value = "Button chip 4 pin"; VariantName = "[No Variations]"
Added Component: Designator=3(SW4)
Add component (AddParameter): Name = "Value"; Value = "Button chip 4 pin"; VariantName = "[No Variations]"
Added Component: Designator=C15(CAP_0805)
Add component (AddParameter): Name = "LatestRevisionDate"; Value = "17-Jul-2002"; VariantName = "[No Variations]"
Add component (AddParameter): Name = "LatestRevisionNote"; Value = "Re-released for DXP Platform."; VariantName = "[No Variations]"
Add component (AddParameter): Name = "PackageReference"; Value = "RAD-0.3"; VariantName = "[No Variations]"
Add component (AddParameter): Name = "Published"; Value = "8-Jun-2000"; VariantName = "[No Variations]"
Add component (AddParameter): Name = "Publisher"; Value = "Altium Limited"; VariantName = "[No Variations]"
Add component (AddParameter): Name = "Value"; Value = "33p"; VariantName = "[No Variations]"
Added Component: Designator=C18(CAP_0805)
Add component (AddParameter): Name = "LatestRevisionDate"; Value = "17-Jul-2002"; VariantName = "[No Variations]"
Add component (AddParameter): Name = "LatestRevisionNote"; Value = "Re-released for DXP Platform."; VariantName = "[No Variations]"
Add component (AddParameter): Name = "PackageReference"; Value = "RAD-0.3"; VariantName = "[No Variations]"
Add component (AddParameter): Name = "Published"; Value = "8-Jun-2000"; VariantName = "[No Variations]"
Add component (AddParameter): Name = "Publisher"; Value = "Altium Limited"; VariantName = "[No Variations]"
Add component (AddParameter): Name = "Value"; Value = "33p"; VariantName = "[No Variations]"
Added Component: Designator=C20(CAP_0805)
Add component (AddParameter): Name = "LatestRevisionDate"; Value = "17-Jul-2002"; VariantName = "[No Variations]"
Add component (AddParameter): Name = "LatestRevisionNote"; Value = "Re-released for DXP Platform."; VariantName = "[No Variations]"
Add component (AddParameter): Name = "PackageReference"; Value = "RAD-0.3"; VariantName = "[No Variations]"
Add component (AddParameter): Name = "Published"; Value = "8-Jun-2000"; VariantName = "[No Variations]"
Add component (AddParameter): Name = "Publisher"; Value = "Altium Limited"; VariantName = "[No Variations]"
Add component (AddParameter): Name = "Value"; Value = "33p"; VariantName = "[No Variations]"
Added Component: Designator=IC2(SOT23-5)
Added Component: Designator=LED4(LED-0805-Red)
Add component (AddParameter): Name = "Value"; Value = "LED 3 ly Single Colour"; VariantName = "[No Variations]"
Added Component: Designator=R11(RES-SMD-0805)
Add component (AddParameter): Name = "Class"; Value = "Passive"; VariantName = "[No Variations]"
Add component (AddParameter): Name = "Manufacturer"; Value = "Generic Components"; VariantName = "[No Variations]"
Add component (AddParameter): Name = "Published"; Value = "08/06/2000"; VariantName = "[No Variations]"
Add component (AddParameter): Name = "Publisher"; Value = "Altium Hobart Technology Centre"; VariantName = "[No Variations]"
Added Component: Designator=R16(RES-SMD-0805)
Add component (AddParameter): Name = "Class"; Value = "Passive"; VariantName = "[No Variations]"
Add component (AddParameter): Name = "Manufacturer"; Value = "Generic Components"; VariantName = "[No Variations]"
Add component (AddParameter): Name = "Published"; Value = "08/06/2000"; VariantName = "[No Variations]"
Add component (AddParameter): Name = "Publisher"; Value = "Altium Hobart Technology Centre"; VariantName = "[No Variations]"
Added Component: Designator=R20(RES-SMD-0805)
Add component (AddParameter): Name = "Class"; Value = "Passive"; VariantName = "[No Variations]"
Add component (AddParameter): Name = "Manufacturer"; Value = "Generic Components"; VariantName = "[No Variations]"
Add component (AddParameter): Name = "Published"; Value = "08/06/2000"; VariantName = "[No Variations]"
Add component (AddParameter): Name = "Publisher"; Value = "Altium Hobart Technology Centre"; VariantName = "[No Variations]"
Added Component: Designator=R21(RES-SMD-0805)
Add component (AddParameter): Name = "Class"; Value = "Passive"; VariantName = "[No Variations]"
Add component (AddParameter): Name = "Manufacturer"; Value = "Generic Components"; VariantName = "[No Variations]"
Add component (AddParameter): Name = "Published"; Value = "08/06/2000"; VariantName = "[No Variations]"
Add component (AddParameter): Name = "Publisher"; Value = "Altium Hobart Technology Centre"; VariantName = "[No Variations]"
Added Component: Designator=U2(Sim Socket)
Add component (AddParameter): Name = "value"; Value = "Sim holder"; VariantName = "[No Variations]"
Added Pin To Net: NetName=GND Pin=1-1
Added Pin To Net: NetName=EN Pin=1-2
Added Pin To Net: NetName=GND Pin=1-3
Added Pin To Net: NetName=EN Pin=1-4
Added Pin To Net: NetName=GND Pin=2-1
Added Pin To Net: NetName=IO0 Pin=2-2
Added Pin To Net: NetName=GND Pin=2-3
Added Pin To Net: NetName=IO0 Pin=2-4
Added Pin To Net: NetName=GND Pin=3-1
Added Pin To Net: NetName=GND Pin=3-3
Added Pin To Net: NetName=GND Pin=C15-1
Added Pin To Net: NetName=EN Pin=C15-2
Added Pin To Net: NetName=GND Pin=C18-1
Added Pin To Net: NetName=IO0 Pin=C18-2
Added Pin To Net: NetName=GND Pin=C20-1
Added Pin To Net: NetName=VCC Pin=IC2-1
Added Pin To Net: NetName=+3.3V Pin=IC2-5
Added Pin To Net: NetName=GND Pin=LED4-2
Added Pin To Net: NetName=SIM_DATA Pin=R8-2
Added Pin To Net: NetName=SIM_CLK Pin=R9-2
Added Pin To Net: NetName=VCC Pin=R11-2
Added Pin To Net: NetName=EN Pin=R14-2
Added Pin To Net: NetName=+3.3V Pin=R16-1
Added Pin To Net: NetName=IO0 Pin=R16-2
Added Pin To Net: NetName=+3.3V Pin=R20-1
Added Pin To Net: NetName=SIM_VDD Pin=U2-1
Added Pin To Net: NetName=NetR10_1 Pin=U2-2
Added Pin To Net: NetName=NetR9_1 Pin=U2-3
Added Pin To Net: NetName=GND Pin=U2-5
Added Pin To Net: NetName=NetR8_1 Pin=U2-7
Added Pin To Net: NetName=ESP_PWRKEY Pin=U3-26
Added Pin To Net: NetName=BT_ONOFF Pin=3-2
Added Pin To Net: NetName=BT_ONOFF Pin=3-4
Added Pin To Net: NetName=BT_ONOFF Pin=C20-2
Added Pin To Net: NetName=BT_ONOFF Pin=R20-2
Added Pin To Net: NetName=BT_ONOFF Pin=U3-10
Added Net: Name=BT_ONOFF
Added Pin To Net: NetName=NetIC2_3 Pin=IC2-3
Added Pin To Net: NetName=NetIC2_3 Pin=R11-1
Added Net: Name=NetIC2_3
Added Pin To Net: NetName=NetLED4_1 Pin=LED4-1
Added Pin To Net: NetName=NetLED4_1 Pin=R21-1
Added Net: Name=NetLED4_1
Added Pin To Net: NetName=NetR21_2 Pin=R21-2
Added Pin To Net: NetName=NetR21_2 Pin=U3-9
Added Net: Name=NetR21_2
Added Member To Class: ClassName=Master Member=Component 1 SW
Added Member To Class: ClassName=Master Member=Component 2 SW
Added Member To Class: ClassName=Master Member=Component 3 SW
Added Member To Class: ClassName=Master Member=Component C19 100nF
Added Member To Class: ClassName=Master Member=Component C20 100nF
Added Member To Class: ClassName=Master Member=Component IC3 LoRa-02
Added Member To Class: ClassName=Master Member=Component LED4 LED-ONOFF
Added Member To Class: ClassName=Master Member=Component R19 10k
Added Member To Class: ClassName=Master Member=Component R20 10k
Added Member To Class: ClassName=Master Member=Component R21 1k
Added Member To Class: ClassName=Master Member=Component U4 CH340C
