Removed Pin From Net: NetName=SIM_CLK Pin=R8-2
Removed Pin From Net: NetName=NetR11_1 Pin=R11-1
Removed Pin From Net: NetName=SIM_RST Pin=R11-2
Removed Pin From Net: NetName=GND Pin=SIM1-1
Removed Pin From Net: NetName=SIM_VDD Pin=SIM1-2
Removed Pin From Net: NetName=NetR11_1 Pin=SIM1-4
Removed Pin From Net: NetName=NetR9_1 Pin=SIM1-5
Removed Member From Class: ClassName=Master Member=SIM1
Change Component Designator: OldDesignator=R8 NewDesignator=R11
Change Component Designator: OldDesignator=R10 NewDesignator=R8
Change Component Designator: OldDesignator=R11 NewDesignator=R10
Change Component Designator: OldDesignator=U2 NewDesignator=U3
Change Component Designator: OldDesignator=U3 NewDesignator=U4
Added Component: Designator=U2(Sim Socket)
Add component (AddParameter): Name = "value"; Value = "Sim holder"; VariantName = "[No Variations]"
Added Pin To Net: NetName=SIM_CLK Pin=R10-2
Added Pin To Net: NetName=NetR11_1 Pin=R11-1
Added Pin To Net: NetName=SIM_RST Pin=R11-2
Added Pin To Net: NetName=SIM_VDD Pin=U2-1
Added Pin To Net: NetName=NetR11_1 Pin=U2-2
Added Pin To Net: NetName=GND Pin=U2-5
Added Pin To Net: NetName=NetR9_1 Pin=U2-7
Added Pin To Net: NetName=NetR10_1 Pin=R10-1
Added Pin To Net: NetName=NetR10_1 Pin=U2-3
Added Net: Name=NetR10_1
Added Member To Class: ClassName=Master Member=Component U4 CH340C
