Removed Pin From Net: NetName=GND Pin=C16-1
Removed Pin From Net: NetName=+3.3V Pin=C16-2
Removed Pin From Net: NetName=I2C_SDA Pin=C16-3
Removed Pin From Net: NetName=I2C_SCL Pin=C16-4
Change Component Designator: OldDesignator=C17 NewDesignator=C16
Change Component Designator: OldDesignator=C18 NewDesignator=C17
Change Component Designator: OldDesignator=C19 NewDesignator=C18
Change Component Designator: OldDesignator=C20 NewDesignator=C19
Change Component Designator: OldDesignator=C21 NewDesignator=C20
Change Component Designator: OldDesignator=C22 NewDesignator=C21
Added Component: Designator=JP1(JP 1x4 DT)
Add component (AddParameter): Name = "Chung_Loai"; Value = "C?m"; VariantName = "[No Variations]"
Add component (AddParameter): Name = "Don_Vi"; Value = "Con"; VariantName = "[No Variations]"
Add component (AddParameter): Name = "Ghi_Chu"; Value = ""; VariantName = "[No Variations]"
Add component (AddParameter): Name = "Kieu_Chan"; Value = ""; VariantName = "[No Variations]"
Add component (AddParameter): Name = "Ma_Hang"; Value = "MH000903"; VariantName = "[No Variations]"
Add component (AddParameter): Name = "Ten_Linh_Kien"; Value = "Jump Ðon Ð?c 2.54MM 1x40P Th?ng 11MM"; VariantName = "[No Variations]"
Added Pin To Net: NetName=GND Pin=JP1-1
Added Pin To Net: NetName=+3.3V Pin=JP1-2
Added Pin To Net: NetName=I2C_SDA Pin=JP1-3
Added Pin To Net: NetName=I2C_SCL Pin=JP1-4
Added Member To Class: ClassName=Master Member=Component C17 100uF
Added Member To Class: ClassName=Master Member=Component C19 100nF
Added Member To Class: ClassName=Master Member=Component JP1 JP 1x4 2.54
